2020-06-18 16:38:33 Log.py[line:16] INFO 步骤“打开浏览器”执行通过！
2020-06-18 16:38:36 Log.py[line:16] INFO 步骤“访问被测网址”执行通过！
2020-06-18 16:38:41 Log.py[line:16] INFO 步骤“最大化窗口”执行通过！
2020-06-18 16:38:44 Log.py[line:16] INFO 步骤“等待主页加载”执行通过！
2020-06-18 16:38:44 Log.py[line:16] INFO 步骤“设置登录cookies”执行通过！
2020-06-18 16:38:44 Log.py[line:16] INFO 步骤“选择第一个sku并点击”执行通过！
2020-06-18 16:38:50 Log.py[line:16] INFO 步骤“点击立即购买”执行通过！
2020-06-18 16:38:50 Log.py[line:16] INFO 步骤“判断选择并点击”执行失败！
2020-06-18 16:39:08 Log.py[line:16] INFO 步骤“点击蒙层直接访问”执行通过！
2020-06-18 16:39:08 Log.py[line:16] INFO 步骤“点击在线支付”执行通过！
2020-06-18 16:39:10 Log.py[line:16] INFO 步骤“等待加载时间”执行通过！
2020-06-18 16:39:11 Log.py[line:16] INFO 步骤“点击选择列表”执行通过！
2020-06-18 16:39:11 Log.py[line:16] INFO 步骤“点击选择我的京东”执行通过！
2020-06-18 16:39:17 Log.py[line:16] INFO 步骤“点击蒙层直接访问”执行通过！
2020-06-18 16:39:19 Log.py[line:16] INFO 步骤“点击待付款选项”执行通过！
2020-06-18 16:39:19 Log.py[line:16] INFO 步骤“获取订单号”执行通过！
2020-06-18 16:40:48 Log.py[line:16] INFO 步骤“打开浏览器”执行通过！
2020-06-18 16:40:53 Log.py[line:16] INFO 步骤“访问被测网址”执行通过！
2020-06-18 16:40:57 Log.py[line:16] INFO 步骤“最大化窗口”执行通过！
2020-06-18 16:41:00 Log.py[line:16] INFO 步骤“等待主页加载”执行通过！
2020-06-18 16:41:00 Log.py[line:16] INFO 步骤“设置登录cookies”执行通过！
2020-06-18 16:41:00 Log.py[line:16] INFO 步骤“选择第一个sku并点击”执行通过！
2020-06-18 16:41:06 Log.py[line:16] INFO 步骤“点击立即购买”执行通过！
2020-06-18 16:41:06 Log.py[line:16] INFO 步骤“判断选择并点击”执行失败！
2020-06-18 16:43:08 Log.py[line:16] INFO 步骤“点击蒙层直接访问”执行失败！
2020-06-18 16:45:10 Log.py[line:16] INFO 步骤“点击在线支付”执行失败！
2020-06-18 16:45:12 Log.py[line:16] INFO 步骤“等待加载时间”执行通过！
2020-06-18 16:45:12 Log.py[line:16] INFO 步骤“点击选择列表”执行失败！
2020-06-18 16:45:12 Log.py[line:16] INFO 步骤“点击选择我的京东”执行失败！
2020-06-18 16:47:14 Log.py[line:16] INFO 步骤“点击蒙层直接访问”执行失败！
2020-06-18 16:48:24 Log.py[line:16] INFO 步骤“打开浏览器”执行通过！
2020-06-18 16:48:27 Log.py[line:16] INFO 步骤“访问被测网址”执行通过！
2020-06-18 16:48:31 Log.py[line:16] INFO 步骤“最大化窗口”执行通过！
2020-06-18 16:48:34 Log.py[line:16] INFO 步骤“等待主页加载”执行通过！
2020-06-18 16:48:34 Log.py[line:16] INFO 步骤“设置登录cookies”执行通过！
2020-06-18 16:48:34 Log.py[line:16] INFO 步骤“选择第一个sku并点击”执行通过！
2020-06-18 16:48:40 Log.py[line:16] INFO 步骤“点击立即购买”执行通过！
2020-06-18 16:48:40 Log.py[line:16] INFO 步骤“判断选择并点击”执行失败！
2020-06-18 16:50:42 Log.py[line:16] INFO 步骤“点击蒙层直接访问”执行失败！
2020-06-18 16:54:49 Log.py[line:16] INFO 步骤“打开浏览器”执行通过！
2020-06-18 16:54:52 Log.py[line:16] INFO 步骤“访问被测网址”执行通过！
2020-06-18 16:54:57 Log.py[line:16] INFO 步骤“最大化窗口”执行通过！
2020-06-18 16:55:00 Log.py[line:16] INFO 步骤“等待主页加载”执行通过！
2020-06-18 16:55:00 Log.py[line:16] INFO 步骤“设置登录cookies”执行通过！
2020-06-18 16:55:00 Log.py[line:16] INFO 步骤“选择第一个sku并点击”执行通过！
2020-06-18 16:55:04 Log.py[line:16] INFO 步骤“点击立即购买”执行通过！
2020-06-18 16:55:05 Log.py[line:16] INFO 步骤“判断选择并点击”执行失败！
2020-06-18 16:58:26 Log.py[line:16] INFO 步骤“打开浏览器”执行通过！
2020-06-18 16:58:30 Log.py[line:16] INFO 步骤“访问被测网址”执行通过！
2020-06-18 16:58:35 Log.py[line:16] INFO 步骤“最大化窗口”执行通过！
2020-06-18 16:58:38 Log.py[line:16] INFO 步骤“等待主页加载”执行通过！
2020-06-18 16:58:38 Log.py[line:16] INFO 步骤“设置登录cookies”执行通过！
2020-06-18 16:58:38 Log.py[line:16] INFO 步骤“选择第一个sku并点击”执行通过！
2020-06-18 16:58:42 Log.py[line:16] INFO 步骤“点击立即购买”执行通过！
2020-06-18 16:58:43 Log.py[line:16] INFO 步骤“判断选择并点击”执行失败！
2020-06-18 17:01:13 Log.py[line:16] INFO 步骤“打开浏览器”执行通过！
2020-06-18 17:01:16 Log.py[line:16] INFO 步骤“访问被测网址”执行通过！
2020-06-18 17:01:20 Log.py[line:16] INFO 步骤“最大化窗口”执行通过！
2020-06-18 17:01:23 Log.py[line:16] INFO 步骤“等待主页加载”执行通过！
2020-06-18 17:01:23 Log.py[line:16] INFO 步骤“设置登录cookies”执行通过！
2020-06-18 17:01:24 Log.py[line:16] INFO 步骤“选择第一个sku并点击”执行通过！
2020-06-18 17:01:28 Log.py[line:16] INFO 步骤“点击立即购买”执行通过！
2020-06-18 17:01:29 Log.py[line:16] INFO 步骤“判断选择并点击”执行失败！
2020-06-18 17:01:57 Log.py[line:16] INFO 步骤“点击蒙层直接访问”执行通过！
2020-06-18 17:01:58 Log.py[line:16] INFO 步骤“点击在线支付”执行通过！
2020-06-18 17:02:00 Log.py[line:16] INFO 步骤“等待加载时间”执行通过！
2020-06-18 17:02:00 Log.py[line:16] INFO 步骤“点击选择列表”执行通过！
2020-06-18 17:02:00 Log.py[line:16] INFO 步骤“点击选择我的京东”执行通过！
2020-06-18 17:02:08 Log.py[line:16] INFO 步骤“点击蒙层直接访问”执行通过！
2020-06-18 17:02:09 Log.py[line:16] INFO 步骤“点击待付款选项”执行通过！
2020-06-18 17:02:09 Log.py[line:16] INFO 步骤“获取订单号”执行通过！
2020-06-18 17:05:31 Log.py[line:16] INFO 步骤“打开浏览器”执行通过！
2020-06-18 17:05:34 Log.py[line:16] INFO 步骤“访问被测网址”执行通过！
2020-06-18 17:05:38 Log.py[line:16] INFO 步骤“最大化窗口”执行通过！
2020-06-18 17:05:41 Log.py[line:16] INFO 步骤“等待主页加载”执行通过！
2020-06-18 17:05:42 Log.py[line:16] INFO 步骤“设置登录cookies”执行通过！
2020-06-18 17:05:42 Log.py[line:16] INFO 步骤“选择第一个sku并点击”执行通过！
2020-06-18 17:05:46 Log.py[line:16] INFO 步骤“点击立即购买”执行通过！
2020-06-18 17:05:47 Log.py[line:16] INFO 步骤“判断选择并点击”执行失败！
2020-06-18 17:38:22 Log.py[line:16] INFO 步骤“打开浏览器”执行通过！
2020-06-18 17:38:26 Log.py[line:16] INFO 步骤“访问被测网址”执行通过！
2020-06-18 17:38:30 Log.py[line:16] INFO 步骤“最大化窗口”执行通过！
2020-06-18 17:38:33 Log.py[line:16] INFO 步骤“等待主页加载”执行通过！
2020-06-18 17:38:33 Log.py[line:16] INFO 步骤“设置登录cookies”执行通过！
2020-06-18 17:38:33 Log.py[line:16] INFO 步骤“选择第一个sku并点击”执行通过！
2020-06-18 17:38:39 Log.py[line:16] INFO 步骤“点击立即购买”执行通过！
2020-06-18 17:38:41 Log.py[line:16] INFO 步骤“等待2秒”执行通过！
2020-06-18 17:38:41 Log.py[line:16] INFO 步骤“判断选择并点击”执行通过！
2020-06-18 17:38:46 Log.py[line:16] INFO 步骤“点击蒙层直接访问”执行通过！
2020-06-18 17:38:46 Log.py[line:16] INFO 步骤“点击在线支付”执行通过！
2020-06-18 17:38:48 Log.py[line:16] INFO 步骤“等待加载时间”执行通过！
2020-06-18 17:38:48 Log.py[line:16] INFO 步骤“点击选择列表”执行通过！
2020-06-18 17:38:48 Log.py[line:16] INFO 步骤“点击选择我的京东”执行通过！
2020-06-18 17:38:55 Log.py[line:16] INFO 步骤“点击蒙层直接访问”执行通过！
2020-06-18 17:38:56 Log.py[line:16] INFO 步骤“点击待付款选项”执行通过！
2020-06-18 17:38:56 Log.py[line:16] INFO 步骤“获取订单号”执行通过！
2020-06-18 17:39:46 Log.py[line:16] INFO 步骤“打开浏览器”执行通过！
2020-06-18 17:39:49 Log.py[line:16] INFO 步骤“访问被测网址”执行通过！
2020-06-18 17:39:53 Log.py[line:16] INFO 步骤“最大化窗口”执行通过！
2020-06-18 17:39:56 Log.py[line:16] INFO 步骤“等待主页加载”执行通过！
2020-06-18 17:39:56 Log.py[line:16] INFO 步骤“设置登录cookies”执行通过！
2020-06-18 17:39:57 Log.py[line:16] INFO 步骤“选择第一个sku并点击”执行通过！
2020-06-18 17:40:05 Log.py[line:16] INFO 步骤“点击立即购买”执行通过！
2020-06-18 17:40:07 Log.py[line:16] INFO 步骤“等待2秒”执行通过！
2020-06-18 17:40:07 Log.py[line:16] INFO 步骤“判断选择并点击”执行通过！
2020-06-18 17:40:11 Log.py[line:16] INFO 步骤“点击蒙层直接访问”执行通过！
2020-06-18 17:40:12 Log.py[line:16] INFO 步骤“点击在线支付”执行通过！
2020-06-18 17:40:14 Log.py[line:16] INFO 步骤“等待加载时间”执行通过！
2020-06-18 17:40:14 Log.py[line:16] INFO 步骤“点击选择列表”执行失败！
2020-06-18 17:40:15 Log.py[line:16] INFO 步骤“点击选择我的京东”执行失败！
2020-06-18 17:41:07 Log.py[line:16] INFO 步骤“打开浏览器”执行通过！
2020-06-18 17:41:11 Log.py[line:16] INFO 步骤“访问被测网址”执行通过！
2020-06-18 17:41:16 Log.py[line:16] INFO 步骤“最大化窗口”执行通过！
2020-06-18 17:41:19 Log.py[line:16] INFO 步骤“等待主页加载”执行通过！
2020-06-18 17:41:19 Log.py[line:16] INFO 步骤“设置登录cookies”执行通过！
2020-06-18 17:41:19 Log.py[line:16] INFO 步骤“选择第一个sku并点击”执行通过！
2020-06-18 17:41:25 Log.py[line:16] INFO 步骤“点击立即购买”执行通过！
2020-06-18 17:41:27 Log.py[line:16] INFO 步骤“等待2秒”执行通过！
2020-06-18 17:41:27 Log.py[line:16] INFO 步骤“判断选择并点击”执行通过！
2020-06-18 17:41:31 Log.py[line:16] INFO 步骤“点击蒙层直接访问”执行通过！
2020-06-18 17:41:32 Log.py[line:16] INFO 步骤“点击在线支付”执行通过！
2020-06-18 17:41:34 Log.py[line:16] INFO 步骤“等待加载时间”执行通过！
2020-06-18 17:41:34 Log.py[line:16] INFO 步骤“点击选择列表”执行通过！
2020-06-18 17:41:34 Log.py[line:16] INFO 步骤“点击选择我的京东”执行通过！
2020-06-18 17:41:40 Log.py[line:16] INFO 步骤“点击蒙层直接访问”执行通过！
2020-06-18 17:41:42 Log.py[line:16] INFO 步骤“点击待付款选项”执行通过！
2020-06-18 17:41:42 Log.py[line:16] INFO 步骤“获取订单号”执行通过！
2020-06-18 17:43:56 Log.py[line:16] INFO 步骤“打开浏览器”执行通过！
2020-06-18 17:43:59 Log.py[line:16] INFO 步骤“访问被测网址”执行通过！
2020-06-18 17:44:03 Log.py[line:16] INFO 步骤“最大化窗口”执行通过！
2020-06-18 17:44:06 Log.py[line:16] INFO 步骤“等待主页加载”执行通过！
2020-06-18 17:44:06 Log.py[line:16] INFO 步骤“设置登录cookies”执行通过！
2020-06-18 17:44:07 Log.py[line:16] INFO 步骤“选择第一个sku并点击”执行通过！
2020-06-18 17:44:10 Log.py[line:16] INFO 步骤“点击立即购买”执行通过！
2020-06-18 17:44:12 Log.py[line:16] INFO 步骤“等待2秒”执行通过！
2020-06-18 17:44:12 Log.py[line:16] INFO 步骤“判断选择并点击”执行通过！
2020-06-18 17:44:16 Log.py[line:16] INFO 步骤“点击蒙层直接访问”执行通过！
2020-06-18 17:44:17 Log.py[line:16] INFO 步骤“点击在线支付”执行通过！
2020-06-18 17:44:19 Log.py[line:16] INFO 步骤“等待加载时间”执行通过！
2020-06-18 17:44:19 Log.py[line:16] INFO 步骤“点击选择列表”执行失败！
2020-06-18 17:44:19 Log.py[line:16] INFO 步骤“点击选择我的京东”执行失败！
2020-06-18 17:44:54 Log.py[line:16] INFO 步骤“点击蒙层直接访问”执行通过！
2020-06-18 17:44:56 Log.py[line:16] INFO 步骤“点击待付款选项”执行通过！
2020-06-18 17:44:56 Log.py[line:16] INFO 步骤“获取订单号”执行通过！
2020-06-18 17:46:09 Log.py[line:16] INFO 步骤“打开浏览器”执行通过！
2020-06-18 17:46:12 Log.py[line:16] INFO 步骤“访问被测网址”执行通过！
2020-06-18 17:46:16 Log.py[line:16] INFO 步骤“最大化窗口”执行通过！
2020-06-18 17:46:19 Log.py[line:16] INFO 步骤“等待主页加载”执行通过！
2020-06-18 17:46:19 Log.py[line:16] INFO 步骤“设置登录cookies”执行通过！
2020-06-18 17:46:21 Log.py[line:16] INFO 步骤“选择第一个sku并点击”执行通过！
2020-06-18 17:46:24 Log.py[line:16] INFO 步骤“点击立即购买”执行通过！
2020-06-18 17:46:26 Log.py[line:16] INFO 步骤“等待2秒”执行通过！
2020-06-18 17:46:26 Log.py[line:16] INFO 步骤“判断选择并点击”执行通过！
2020-06-18 17:46:30 Log.py[line:16] INFO 步骤“点击蒙层直接访问”执行通过！
2020-06-18 17:46:31 Log.py[line:16] INFO 步骤“点击在线支付”执行通过！
2020-06-18 17:46:33 Log.py[line:16] INFO 步骤“等待加载时间”执行通过！
2020-06-18 17:46:35 Log.py[line:16] INFO 步骤“点击选择列表”执行通过！
2020-06-18 17:46:36 Log.py[line:16] INFO 步骤“点击选择我的京东”执行通过！
2020-06-18 17:46:40 Log.py[line:16] INFO 步骤“点击蒙层直接访问”执行通过！
2020-06-18 17:46:43 Log.py[line:16] INFO 步骤“点击待付款选项”执行通过！
2020-06-18 17:46:43 Log.py[line:16] INFO 步骤“获取订单号”执行通过！
2020-06-18 17:47:17 Log.py[line:16] INFO 步骤“打开浏览器”执行通过！
2020-06-18 17:47:21 Log.py[line:16] INFO 步骤“访问被测网址”执行通过！
2020-06-18 17:47:25 Log.py[line:16] INFO 步骤“最大化窗口”执行通过！
2020-06-18 17:47:28 Log.py[line:16] INFO 步骤“等待主页加载”执行通过！
2020-06-18 17:47:28 Log.py[line:16] INFO 步骤“设置登录cookies”执行通过！
2020-06-18 17:47:29 Log.py[line:16] INFO 步骤“选择第一个sku并点击”执行通过！
2020-06-18 17:47:32 Log.py[line:16] INFO 步骤“点击立即购买”执行通过！
2020-06-18 17:47:35 Log.py[line:16] INFO 步骤“等待2秒”执行通过！
2020-06-18 17:47:35 Log.py[line:16] INFO 步骤“判断选择并点击”执行通过！
2020-06-18 17:47:39 Log.py[line:16] INFO 步骤“点击蒙层直接访问”执行通过！
2020-06-18 17:47:40 Log.py[line:16] INFO 步骤“点击在线支付”执行通过！
2020-06-18 17:47:42 Log.py[line:16] INFO 步骤“等待加载时间”执行通过！
2020-06-18 17:47:44 Log.py[line:16] INFO 步骤“点击选择列表”执行失败！
2020-06-18 17:47:45 Log.py[line:16] INFO 步骤“点击选择我的京东”执行失败！
2020-06-18 17:48:26 Log.py[line:16] INFO 步骤“点击蒙层直接访问”执行通过！
2020-06-18 17:48:29 Log.py[line:16] INFO 步骤“点击待付款选项”执行通过！
2020-06-18 17:48:29 Log.py[line:16] INFO 步骤“获取订单号”执行通过！
2020-06-18 17:48:56 Log.py[line:16] INFO 步骤“打开浏览器”执行通过！
2020-06-18 17:48:59 Log.py[line:16] INFO 步骤“访问被测网址”执行通过！
2020-06-18 17:49:03 Log.py[line:16] INFO 步骤“最大化窗口”执行通过！
2020-06-18 17:49:07 Log.py[line:16] INFO 步骤“等待主页加载”执行通过！
2020-06-18 17:49:07 Log.py[line:16] INFO 步骤“设置登录cookies”执行通过！
2020-06-18 17:49:08 Log.py[line:16] INFO 步骤“选择第一个sku并点击”执行通过！
2020-06-18 17:49:12 Log.py[line:16] INFO 步骤“点击立即购买”执行通过！
2020-06-18 17:49:14 Log.py[line:16] INFO 步骤“等待2秒”执行通过！
2020-06-18 17:49:14 Log.py[line:16] INFO 步骤“判断选择并点击”执行通过！
2020-06-18 17:49:18 Log.py[line:16] INFO 步骤“点击蒙层直接访问”执行通过！
2020-06-18 17:49:20 Log.py[line:16] INFO 步骤“点击在线支付”执行通过！
2020-06-18 17:49:22 Log.py[line:16] INFO 步骤“等待加载时间”执行通过！
2020-06-18 17:49:23 Log.py[line:16] INFO 步骤“点击选择列表”执行失败！
2020-06-18 17:49:24 Log.py[line:16] INFO 步骤“点击选择我的京东”执行失败！
2020-06-18 17:49:39 Log.py[line:16] INFO 步骤“点击蒙层直接访问”执行失败！
2020-06-18 17:49:41 Log.py[line:16] INFO 步骤“点击待付款选项”执行通过！
2020-06-18 17:49:41 Log.py[line:16] INFO 步骤“获取订单号”执行通过！
2020-06-18 17:50:18 Log.py[line:16] INFO 步骤“打开浏览器”执行通过！
2020-06-18 17:50:21 Log.py[line:16] INFO 步骤“访问被测网址”执行通过！
2020-06-18 17:50:25 Log.py[line:16] INFO 步骤“最大化窗口”执行通过！
2020-06-18 17:50:28 Log.py[line:16] INFO 步骤“等待主页加载”执行通过！
2020-06-18 17:50:28 Log.py[line:16] INFO 步骤“设置登录cookies”执行通过！
2020-06-18 17:50:29 Log.py[line:16] INFO 步骤“选择第一个sku并点击”执行通过！
2020-06-18 17:50:34 Log.py[line:16] INFO 步骤“点击立即购买”执行通过！
2020-06-18 17:50:36 Log.py[line:16] INFO 步骤“等待2秒”执行通过！
2020-06-18 17:50:36 Log.py[line:16] INFO 步骤“判断选择并点击”执行通过！
2020-06-18 17:50:41 Log.py[line:16] INFO 步骤“点击蒙层直接访问”执行通过！
2020-06-18 17:50:42 Log.py[line:16] INFO 步骤“点击在线支付”执行通过！
2020-06-18 17:50:44 Log.py[line:16] INFO 步骤“等待加载时间”执行通过！
2020-06-18 17:50:45 Log.py[line:16] INFO 步骤“点击选择列表”执行失败！
2020-06-18 17:50:47 Log.py[line:16] INFO 步骤“点击选择我的京东”执行失败！
2020-06-18 17:51:10 Log.py[line:16] INFO 步骤“点击蒙层直接访问”执行通过！
2020-06-18 17:51:13 Log.py[line:16] INFO 步骤“点击待付款选项”执行通过！
2020-06-18 17:51:13 Log.py[line:16] INFO 步骤“获取订单号”执行通过！
2020-06-18 17:51:34 Log.py[line:16] INFO 步骤“打开浏览器”执行通过！
2020-06-18 17:51:36 Log.py[line:16] INFO 步骤“访问被测网址”执行通过！
2020-06-18 17:51:41 Log.py[line:16] INFO 步骤“最大化窗口”执行通过！
2020-06-18 17:51:44 Log.py[line:16] INFO 步骤“等待主页加载”执行通过！
2020-06-18 17:51:44 Log.py[line:16] INFO 步骤“设置登录cookies”执行通过！
2020-06-18 17:51:45 Log.py[line:16] INFO 步骤“选择第一个sku并点击”执行通过！
2020-06-18 17:51:49 Log.py[line:16] INFO 步骤“点击立即购买”执行通过！
2020-06-18 17:51:51 Log.py[line:16] INFO 步骤“等待2秒”执行通过！
2020-06-18 17:51:52 Log.py[line:16] INFO 步骤“判断选择并点击”执行通过！
2020-06-18 17:51:56 Log.py[line:16] INFO 步骤“点击蒙层直接访问”执行通过！
2020-06-18 17:51:57 Log.py[line:16] INFO 步骤“点击在线支付”执行通过！
2020-06-18 17:51:59 Log.py[line:16] INFO 步骤“等待加载时间”执行通过！
2020-06-18 17:52:01 Log.py[line:16] INFO 步骤“点击选择列表”执行失败！
2020-06-18 17:52:02 Log.py[line:16] INFO 步骤“点击选择我的京东”执行失败！
2020-06-18 17:52:10 Log.py[line:16] INFO 步骤“点击蒙层直接访问”执行通过！
2020-06-18 17:52:12 Log.py[line:16] INFO 步骤“点击待付款选项”执行通过！
2020-06-18 17:52:12 Log.py[line:16] INFO 步骤“获取订单号”执行通过！
2020-06-18 17:52:55 Log.py[line:16] INFO 步骤“打开浏览器”执行通过！
2020-06-18 17:52:59 Log.py[line:16] INFO 步骤“访问被测网址”执行通过！
2020-06-18 17:53:03 Log.py[line:16] INFO 步骤“最大化窗口”执行通过！
2020-06-18 17:53:06 Log.py[line:16] INFO 步骤“等待主页加载”执行通过！
2020-06-18 17:53:06 Log.py[line:16] INFO 步骤“设置登录cookies”执行通过！
2020-06-18 17:53:07 Log.py[line:16] INFO 步骤“选择第一个sku并点击”执行通过！
2020-06-18 17:53:12 Log.py[line:16] INFO 步骤“点击立即购买”执行通过！
2020-06-18 17:53:14 Log.py[line:16] INFO 步骤“等待2秒”执行通过！
2020-06-18 17:53:14 Log.py[line:16] INFO 步骤“判断选择并点击”执行通过！
2020-06-18 17:53:18 Log.py[line:16] INFO 步骤“点击蒙层直接访问”执行通过！
2020-06-18 17:53:20 Log.py[line:16] INFO 步骤“点击在线支付”执行通过！
2020-06-18 17:53:22 Log.py[line:16] INFO 步骤“等待加载时间”执行通过！
2020-06-18 17:53:23 Log.py[line:16] INFO 步骤“点击选择列表”执行通过！
2020-06-18 17:53:24 Log.py[line:16] INFO 步骤“点击选择我的京东”执行通过！
2020-06-18 17:53:30 Log.py[line:16] INFO 步骤“点击蒙层直接访问”执行通过！
2020-06-18 17:53:32 Log.py[line:16] INFO 步骤“点击待付款选项”执行通过！
2020-06-18 17:53:32 Log.py[line:16] INFO 步骤“获取订单号”执行通过！
2020-06-18 17:56:41 Log.py[line:16] INFO 步骤“打开浏览器”执行通过！
2020-06-18 17:56:44 Log.py[line:16] INFO 步骤“访问被测网址”执行通过！
2020-06-18 17:56:48 Log.py[line:16] INFO 步骤“最大化窗口”执行通过！
2020-06-18 17:56:51 Log.py[line:16] INFO 步骤“等待主页加载”执行通过！
2020-06-18 17:56:51 Log.py[line:16] INFO 步骤“设置登录cookies”执行通过！
2020-06-18 17:56:52 Log.py[line:16] INFO 步骤“选择第一个sku并点击”执行通过！
2020-06-18 17:57:46 Log.py[line:16] INFO 步骤“打开浏览器”执行通过！
2020-06-18 17:57:50 Log.py[line:16] INFO 步骤“访问被测网址”执行通过！
2020-06-18 17:57:54 Log.py[line:16] INFO 步骤“最大化窗口”执行通过！
2020-06-18 17:57:57 Log.py[line:16] INFO 步骤“等待主页加载”执行通过！
2020-06-18 17:57:57 Log.py[line:16] INFO 步骤“设置登录cookies”执行通过！
2020-06-18 17:57:58 Log.py[line:16] INFO 步骤“选择sku并点击”执行通过！
2020-06-18 17:58:03 Log.py[line:16] INFO 步骤“点击立即购买”执行通过！
2020-06-18 17:58:05 Log.py[line:16] INFO 步骤“等待2秒”执行通过！
2020-06-18 17:58:05 Log.py[line:16] INFO 步骤“判断选择并点击”执行通过！
2020-06-18 17:58:09 Log.py[line:16] INFO 步骤“点击蒙层直接访问”执行通过！
2020-06-18 17:58:10 Log.py[line:16] INFO 步骤“点击在线支付”执行通过！
2020-06-18 17:58:13 Log.py[line:16] INFO 步骤“等待加载时间”执行通过！
2020-06-18 17:58:14 Log.py[line:16] INFO 步骤“点击选择列表”执行通过！
2020-06-18 17:58:15 Log.py[line:16] INFO 步骤“点击选择我的京东”执行通过！
2020-06-18 17:58:21 Log.py[line:16] INFO 步骤“点击蒙层直接访问”执行通过！
2020-06-18 17:58:23 Log.py[line:16] INFO 步骤“点击待付款选项”执行通过！
2020-06-18 17:58:23 Log.py[line:16] INFO 步骤“获取订单号”执行通过！
2020-06-19 09:17:28 Log.py[line:16] INFO 步骤“打开浏览器”执行通过！
2020-06-19 09:17:35 Log.py[line:16] INFO 步骤“访问被测网址”执行通过！
2020-06-19 09:17:39 Log.py[line:16] INFO 步骤“最大化窗口”执行通过！
2020-06-19 09:17:42 Log.py[line:16] INFO 步骤“等待主页加载”执行通过！
2020-06-19 09:17:42 Log.py[line:16] INFO 步骤“设置登录cookies”执行通过！
2020-06-19 09:17:44 Log.py[line:16] INFO 步骤“选择sku并点击”执行通过！
2020-06-19 09:17:51 Log.py[line:16] INFO 步骤“点击立即购买”执行通过！
2020-06-19 09:17:53 Log.py[line:16] INFO 步骤“等待2秒”执行通过！
2020-06-19 09:18:04 Log.py[line:16] INFO 步骤“判断选择并点击”执行失败！
2020-06-19 09:18:05 Log.py[line:16] INFO 步骤“点击蒙层直接访问”执行通过！
2020-06-19 09:18:07 Log.py[line:16] INFO 步骤“点击在线支付”执行通过！
2020-06-19 09:18:09 Log.py[line:16] INFO 步骤“等待加载时间”执行通过！
2020-06-19 09:18:10 Log.py[line:16] INFO 步骤“点击选择列表”执行通过！
2020-06-19 09:18:11 Log.py[line:16] INFO 步骤“点击选择我的京东”执行通过！
2020-06-19 09:18:17 Log.py[line:16] INFO 步骤“点击蒙层直接访问”执行通过！
2020-06-19 09:18:19 Log.py[line:16] INFO 步骤“点击待付款选项”执行通过！
2020-06-19 09:18:19 Log.py[line:16] INFO 步骤“获取订单号”执行通过！
2020-06-19 09:32:17 Log.py[line:16] INFO 步骤“打开浏览器”执行通过！
2020-06-19 09:32:20 Log.py[line:16] INFO 步骤“访问被测网址”执行通过！
2020-06-19 09:32:24 Log.py[line:16] INFO 步骤“最大化窗口”执行通过！
2020-06-19 09:32:28 Log.py[line:16] INFO 步骤“等待主页加载”执行通过！
2020-06-19 09:32:28 Log.py[line:16] INFO 步骤“设置登录cookies”执行通过！
2020-06-19 09:32:29 Log.py[line:16] INFO 步骤“点击一键领取”执行通过！
2020-06-19 09:42:35 Log.py[line:16] INFO 步骤“打开浏览器”执行通过！
2020-06-19 09:42:39 Log.py[line:16] INFO 步骤“访问被测网址”执行通过！
2020-06-19 09:42:43 Log.py[line:16] INFO 步骤“最大化窗口”执行通过！
2020-06-19 09:42:46 Log.py[line:16] INFO 步骤“等待主页加载”执行通过！
2020-06-19 09:42:46 Log.py[line:16] INFO 步骤“设置登录cookies”执行通过！
2020-06-19 09:42:47 Log.py[line:16] INFO 步骤“点击一键领取”执行通过！
2020-06-19 09:44:49 Log.py[line:16] INFO 步骤“点击立即购买”执行失败！
2020-06-19 09:44:51 Log.py[line:16] INFO 步骤“等待2秒”执行通过！
2020-06-19 09:45:02 Log.py[line:16] INFO 步骤“判断选择并点击”执行失败！
2020-06-19 09:47:05 Log.py[line:16] INFO 步骤“点击蒙层直接访问”执行失败！
2020-06-19 09:49:08 Log.py[line:16] INFO 步骤“点击在线支付”执行失败！
2020-06-19 09:49:10 Log.py[line:16] INFO 步骤“等待加载时间”执行通过！
2020-06-19 09:51:13 Log.py[line:16] INFO 步骤“点击选择列表”执行失败！
2020-06-19 09:53:16 Log.py[line:16] INFO 步骤“点击选择我的京东”执行失败！
2020-06-19 09:55:19 Log.py[line:16] INFO 步骤“点击蒙层直接访问”执行失败！
2020-06-19 09:57:21 Log.py[line:16] INFO 步骤“点击待付款选项”执行失败！
2020-06-19 09:59:23 Log.py[line:16] INFO 步骤“获取订单号”执行失败！
2020-06-19 10:06:58 Log.py[line:16] INFO 步骤“打开浏览器”执行通过！
2020-06-19 10:07:03 Log.py[line:16] INFO 步骤“访问被测网址”执行通过！
2020-06-19 10:07:07 Log.py[line:16] INFO 步骤“最大化窗口”执行通过！
2020-06-19 10:07:10 Log.py[line:16] INFO 步骤“等待主页加载”执行通过！
2020-06-19 10:07:10 Log.py[line:16] INFO 步骤“设置登录cookies”执行通过！
2020-06-19 10:07:11 Log.py[line:16] INFO 步骤“点击一键领取”执行通过！
2020-06-19 10:09:14 Log.py[line:16] INFO 步骤“点击立即购买”执行失败！
2020-06-19 10:09:17 Log.py[line:16] INFO 步骤“等待2秒”执行失败！
2020-06-19 10:09:27 Log.py[line:16] INFO 步骤“判断选择并点击”执行失败！
2020-06-19 10:11:30 Log.py[line:16] INFO 步骤“点击蒙层直接访问”执行失败！
2020-06-19 10:21:39 Log.py[line:16] INFO 步骤“打开浏览器”执行通过！
2020-06-19 10:21:43 Log.py[line:16] INFO 步骤“访问被测网址”执行通过！
2020-06-19 10:21:47 Log.py[line:16] INFO 步骤“最大化窗口”执行通过！
2020-06-19 10:21:50 Log.py[line:16] INFO 步骤“等待主页加载”执行通过！
2020-06-19 10:21:50 Log.py[line:16] INFO 步骤“设置登录cookies”执行通过！
2020-06-19 10:21:52 Log.py[line:16] INFO 步骤“点击一键领取”执行通过！
2020-06-19 10:22:06 Log.py[line:16] INFO 步骤“点击立即购买”执行通过！
2020-06-19 10:22:06 Log.py[line:16] INFO 步骤“设置登录cookies”执行通过！
2020-06-19 10:22:08 Log.py[line:16] INFO 步骤“等待2秒”执行通过！
2020-06-19 10:22:21 Log.py[line:16] INFO 步骤“判断选择并点击”执行失败！
2020-06-19 10:24:24 Log.py[line:16] INFO 步骤“点击蒙层直接访问”执行失败！
2020-06-19 10:26:26 Log.py[line:16] INFO 步骤“点击在线支付”执行失败！
2020-06-19 10:26:28 Log.py[line:16] INFO 步骤“等待加载时间”执行通过！
2020-06-19 10:28:31 Log.py[line:16] INFO 步骤“点击选择列表”执行失败！
2020-06-19 10:30:33 Log.py[line:16] INFO 步骤“点击选择我的京东”执行失败！
2020-06-19 10:32:36 Log.py[line:16] INFO 步骤“点击蒙层直接访问”执行失败！
2020-06-19 10:34:39 Log.py[line:16] INFO 步骤“点击待付款选项”执行失败！
2020-06-19 10:36:40 Log.py[line:16] INFO 步骤“获取订单号”执行失败！
2020-06-19 11:32:40 Log.py[line:16] INFO 步骤“打开浏览器”执行通过！
2020-06-19 11:32:43 Log.py[line:16] INFO 步骤“访问被测网址”执行通过！
2020-06-19 11:32:48 Log.py[line:16] INFO 步骤“最大化窗口”执行通过！
2020-06-19 11:32:51 Log.py[line:16] INFO 步骤“等待主页加载”执行通过！
2020-06-19 11:32:51 Log.py[line:16] INFO 步骤“设置登录cookies”执行通过！
2020-06-19 11:32:52 Log.py[line:16] INFO 步骤“选择sku并点击”执行通过！
2020-06-19 11:32:58 Log.py[line:16] INFO 步骤“点击立即购买”执行失败！
2020-06-19 11:33:01 Log.py[line:16] INFO 步骤“等待2秒”执行通过！
2020-06-19 11:33:01 Log.py[line:16] INFO 步骤“判断选择并点击”执行通过！
2020-06-19 11:44:35 Log.py[line:16] INFO 步骤“打开浏览器”执行通过！
2020-06-19 11:44:38 Log.py[line:16] INFO 步骤“访问被测网址”执行通过！
2020-06-19 11:44:42 Log.py[line:16] INFO 步骤“最大化窗口”执行通过！
2020-06-19 11:44:45 Log.py[line:16] INFO 步骤“等待主页加载”执行通过！
2020-06-19 11:44:46 Log.py[line:16] INFO 步骤“设置登录cookies”执行通过！
2020-06-19 11:44:47 Log.py[line:16] INFO 步骤“选择sku并点击”执行通过！
2020-06-19 11:44:52 Log.py[line:16] INFO 步骤“点击立即购买”执行通过！
2020-06-19 11:44:54 Log.py[line:16] INFO 步骤“等待2秒”执行通过！
2020-06-19 11:44:54 Log.py[line:16] INFO 步骤“判断选择并点击”执行通过！
2020-06-19 11:44:59 Log.py[line:16] INFO 步骤“点击蒙层直接访问”执行通过！
2020-06-19 11:45:00 Log.py[line:16] INFO 步骤“点击在线支付”执行通过！
2020-06-19 11:45:02 Log.py[line:16] INFO 步骤“等待加载时间”执行通过！
2020-06-19 11:45:03 Log.py[line:16] INFO 步骤“点击选择列表”执行通过！
2020-06-19 11:45:04 Log.py[line:16] INFO 步骤“点击选择我的京东”执行通过！
2020-06-19 11:45:10 Log.py[line:16] INFO 步骤“点击蒙层直接访问”执行通过！
2020-06-19 11:45:12 Log.py[line:16] INFO 步骤“点击待付款选项”执行通过！
2020-06-19 11:45:12 Log.py[line:16] INFO 步骤“获取订单号”执行通过！
2020-06-19 11:46:28 Log.py[line:16] INFO 步骤“打开浏览器”执行通过！
2020-06-19 11:46:31 Log.py[line:16] INFO 步骤“访问被测网址”执行通过！
2020-06-19 11:46:36 Log.py[line:16] INFO 步骤“最大化窗口”执行通过！
2020-06-19 11:46:39 Log.py[line:16] INFO 步骤“等待主页加载”执行通过！
2020-06-19 11:46:39 Log.py[line:16] INFO 步骤“设置登录cookies”执行通过！
2020-06-19 16:09:05 Log.py[line:16] INFO 步骤“打开浏览器”执行通过！
2020-06-19 16:09:09 Log.py[line:16] INFO 步骤“访问被测网址”执行通过！
2020-06-19 16:09:13 Log.py[line:16] INFO 步骤“最大化窗口”执行通过！
2020-06-19 16:09:17 Log.py[line:16] INFO 步骤“等待主页加载”执行通过！
2020-06-19 16:09:17 Log.py[line:16] INFO 步骤“设置登录cookies”执行通过！
2020-06-19 16:09:18 Log.py[line:16] INFO 步骤“点击一键领取”执行通过！
2020-06-19 16:09:35 Log.py[line:16] INFO 步骤“点击立即购买”执行通过！
2020-06-19 16:09:35 Log.py[line:16] INFO 步骤“设置登录cookies”执行失败！
2020-06-19 16:09:37 Log.py[line:16] INFO 步骤“等待2秒”执行通过！
2020-06-19 16:09:48 Log.py[line:16] INFO 步骤“判断选择并点击”执行失败！
2020-06-19 16:10:25 Log.py[line:16] INFO 步骤“打开浏览器”执行通过！
2020-06-19 16:10:31 Log.py[line:16] INFO 步骤“访问被测网址”执行通过！
2020-06-19 16:10:35 Log.py[line:16] INFO 步骤“最大化窗口”执行通过！
2020-06-19 16:10:39 Log.py[line:16] INFO 步骤“等待主页加载”执行通过！
2020-06-19 16:10:39 Log.py[line:16] INFO 步骤“设置登录cookies”执行通过！
2020-06-19 16:10:40 Log.py[line:16] INFO 步骤“点击一键领取”执行通过！
2020-06-19 16:10:57 Log.py[line:16] INFO 步骤“点击立即购买”执行通过！
2020-06-19 16:10:57 Log.py[line:16] INFO 步骤“设置登录cookies”执行失败！
2020-06-19 16:10:59 Log.py[line:16] INFO 步骤“等待2秒”执行通过！
2020-06-19 16:11:10 Log.py[line:16] INFO 步骤“判断选择并点击”执行失败！
2020-06-19 16:14:24 Log.py[line:16] INFO 步骤“打开浏览器”执行通过！
2020-06-19 16:14:29 Log.py[line:16] INFO 步骤“访问被测网址”执行通过！
2020-06-19 16:14:33 Log.py[line:16] INFO 步骤“最大化窗口”执行通过！
2020-06-19 16:14:36 Log.py[line:16] INFO 步骤“等待主页加载”执行通过！
2020-06-19 16:14:36 Log.py[line:16] INFO 步骤“设置登录cookies”执行通过！
2020-06-19 16:14:37 Log.py[line:16] INFO 步骤“点击一键领取”执行通过！
2020-06-19 16:14:52 Log.py[line:16] INFO 步骤“点击立即购买”执行通过！
2020-06-19 16:14:52 Log.py[line:16] INFO 步骤“设置登录cookies”执行失败！
2020-06-19 16:14:54 Log.py[line:16] INFO 步骤“等待2秒”执行通过！
2020-06-19 16:16:10 Log.py[line:16] INFO 步骤“打开浏览器”执行通过！
2020-06-19 16:16:13 Log.py[line:16] INFO 步骤“访问被测网址”执行通过！
2020-06-19 16:16:17 Log.py[line:16] INFO 步骤“最大化窗口”执行通过！
2020-06-19 16:16:21 Log.py[line:16] INFO 步骤“等待主页加载”执行通过！
2020-06-19 16:16:21 Log.py[line:16] INFO 步骤“设置登录cookies”执行通过！
2020-06-19 16:16:22 Log.py[line:16] INFO 步骤“点击一键领取”执行通过！
2020-06-19 16:16:22 Log.py[line:16] INFO 步骤“设置登录cookies”执行失败！
2020-06-19 16:16:36 Log.py[line:16] INFO 步骤“点击立即购买”执行通过！
2020-06-19 16:16:38 Log.py[line:16] INFO 步骤“等待2秒”执行通过！
2020-06-19 16:16:49 Log.py[line:16] INFO 步骤“判断选择并点击”执行失败！
2020-06-19 16:18:38 Log.py[line:16] INFO 步骤“打开浏览器”执行通过！
2020-06-19 16:18:42 Log.py[line:16] INFO 步骤“访问被测网址”执行通过！
2020-06-19 16:18:46 Log.py[line:16] INFO 步骤“最大化窗口”执行通过！
2020-06-19 16:18:49 Log.py[line:16] INFO 步骤“等待主页加载”执行通过！
2020-06-19 16:18:49 Log.py[line:16] INFO 步骤“设置登录cookies”执行通过！
2020-06-19 16:18:50 Log.py[line:16] INFO 步骤“点击一键领取”执行通过！
2020-06-19 16:18:51 Log.py[line:16] INFO 步骤“设置登录cookies”执行失败！
2020-06-19 16:19:04 Log.py[line:16] INFO 步骤“点击立即购买”执行通过！
2020-06-19 16:19:06 Log.py[line:16] INFO 步骤“等待2秒”执行通过！
2020-06-19 16:19:17 Log.py[line:16] INFO 步骤“判断选择并点击”执行失败！
2020-06-19 16:21:28 Log.py[line:16] INFO 步骤“打开浏览器”执行通过！
2020-06-19 16:21:31 Log.py[line:16] INFO 步骤“访问被测网址”执行通过！
2020-06-19 16:21:35 Log.py[line:16] INFO 步骤“最大化窗口”执行通过！
2020-06-19 16:21:39 Log.py[line:16] INFO 步骤“等待主页加载”执行通过！
2020-06-19 16:21:39 Log.py[line:16] INFO 步骤“设置登录cookies”执行通过！
2020-06-19 16:21:40 Log.py[line:16] INFO 步骤“点击一键领取”执行通过！
2020-06-19 16:21:40 Log.py[line:16] INFO 步骤“设置登录cookies”执行失败！
2020-06-19 16:21:54 Log.py[line:16] INFO 步骤“点击立即购买”执行通过！
2020-06-19 16:21:56 Log.py[line:16] INFO 步骤“等待2秒”执行通过！
2020-06-19 16:22:07 Log.py[line:16] INFO 步骤“判断选择并点击”执行失败！
2020-06-19 16:26:04 Log.py[line:16] INFO 步骤“打开浏览器”执行通过！
2020-06-19 16:26:07 Log.py[line:16] INFO 步骤“访问被测网址”执行通过！
2020-06-19 16:26:12 Log.py[line:16] INFO 步骤“最大化窗口”执行通过！
2020-06-19 16:26:15 Log.py[line:16] INFO 步骤“等待主页加载”执行通过！
2020-06-19 16:26:15 Log.py[line:16] INFO 步骤“设置登录cookies”执行通过！
2020-06-19 16:26:16 Log.py[line:16] INFO 步骤“点击一键领取”执行通过！
2020-06-19 16:26:16 Log.py[line:16] INFO 步骤“设置登录cookies”执行失败！
2020-06-19 16:26:32 Log.py[line:16] INFO 步骤“点击立即购买”执行通过！
2020-06-19 16:26:34 Log.py[line:16] INFO 步骤“等待2秒”执行通过！
2020-06-19 16:26:44 Log.py[line:16] INFO 步骤“判断选择并点击”执行失败！
2020-06-19 16:28:47 Log.py[line:16] INFO 步骤“点击蒙层直接访问”执行失败！
2020-06-19 16:30:49 Log.py[line:16] INFO 步骤“点击在线支付”执行失败！
2020-06-19 16:30:51 Log.py[line:16] INFO 步骤“等待加载时间”执行通过！
2020-06-19 16:32:54 Log.py[line:16] INFO 步骤“点击选择列表”执行失败！
2020-06-19 16:34:56 Log.py[line:16] INFO 步骤“点击选择我的京东”执行失败！
2020-06-19 16:36:59 Log.py[line:16] INFO 步骤“点击蒙层直接访问”执行失败！
2020-06-19 16:39:01 Log.py[line:16] INFO 步骤“点击待付款选项”执行失败！
2020-06-19 16:41:03 Log.py[line:16] INFO 步骤“获取订单号”执行失败！
2020-06-19 17:07:06 Log.py[line:16] INFO 步骤“打开浏览器”执行通过！
2020-06-19 17:07:11 Log.py[line:16] INFO 步骤“访问被测网址”执行通过！
2020-06-19 17:07:15 Log.py[line:16] INFO 步骤“最大化窗口”执行通过！
2020-06-19 17:07:18 Log.py[line:16] INFO 步骤“等待主页加载”执行通过！
2020-06-19 17:07:18 Log.py[line:16] INFO 步骤“设置登录cookies”执行通过！
2020-06-19 17:07:19 Log.py[line:16] INFO 步骤“点击一键领取”执行通过！
2020-06-19 17:07:19 Log.py[line:16] INFO 步骤“设置登录cookies”执行通过！
2020-06-19 17:07:51 Log.py[line:16] INFO 步骤“点击立即购买”执行通过！
2020-06-19 17:07:53 Log.py[line:16] INFO 步骤“等待2秒”执行通过！
2020-06-19 17:08:04 Log.py[line:16] INFO 步骤“判断选择并点击”执行失败！
2020-06-19 17:10:28 Log.py[line:16] INFO 步骤“打开浏览器”执行通过！
2020-06-19 17:10:33 Log.py[line:16] INFO 步骤“访问被测网址”执行通过！
2020-06-19 17:10:37 Log.py[line:16] INFO 步骤“最大化窗口”执行通过！
2020-06-19 17:10:40 Log.py[line:16] INFO 步骤“等待主页加载”执行通过！
2020-06-19 17:10:40 Log.py[line:16] INFO 步骤“设置登录cookies”执行通过！
2020-06-19 17:10:41 Log.py[line:16] INFO 步骤“点击一键领取”执行通过！
2020-06-19 17:10:42 Log.py[line:16] INFO 步骤“设置登录cookies”执行通过！
2020-06-19 17:11:11 Log.py[line:16] INFO 步骤“点击立即购买”执行通过！
2020-06-19 17:11:13 Log.py[line:16] INFO 步骤“等待2秒”执行通过！
2020-06-19 17:11:14 Log.py[line:16] INFO 步骤“点击提交按钮”执行通过！
2020-06-19 17:11:16 Log.py[line:16] INFO 步骤“None”执行失败！
2020-06-19 17:11:17 Log.py[line:16] INFO 步骤“None”执行失败！
2020-06-19 17:11:17 Log.py[line:16] INFO 步骤“None”执行失败！
2020-06-19 17:11:18 Log.py[line:16] INFO 步骤“None”执行失败！
2020-06-19 17:11:18 Log.py[line:16] INFO 步骤“None”执行失败！
2020-06-19 17:11:18 Log.py[line:16] INFO 步骤“None”执行失败！
2020-06-19 17:11:19 Log.py[line:16] INFO 步骤“None”执行失败！
2020-06-19 17:11:19 Log.py[line:16] INFO 步骤“None”执行失败！
2020-06-19 17:17:25 Log.py[line:16] INFO 步骤“打开浏览器”执行通过！
2020-06-19 17:17:30 Log.py[line:16] INFO 步骤“访问被测网址”执行通过！
2020-06-19 17:17:34 Log.py[line:16] INFO 步骤“最大化窗口”执行通过！
2020-06-19 17:17:37 Log.py[line:16] INFO 步骤“等待主页加载”执行通过！
2020-06-19 17:17:37 Log.py[line:16] INFO 步骤“设置登录cookies”执行通过！
2020-06-19 17:17:39 Log.py[line:16] INFO 步骤“点击一键领取”执行通过！
2020-06-19 17:17:39 Log.py[line:16] INFO 步骤“设置登录cookies”执行通过！
2020-06-19 17:17:56 Log.py[line:16] INFO 步骤“点击立即购买”执行通过！
2020-06-19 17:17:58 Log.py[line:16] INFO 步骤“等待2秒”执行通过！
2020-06-19 17:17:59 Log.py[line:16] INFO 步骤“点击提交按钮”执行通过！
2020-06-19 17:18:02 Log.py[line:16] INFO 步骤“获取订单号”执行通过！
2020-06-19 17:46:56 Log.py[line:16] INFO 步骤“打开浏览器”执行通过！
2020-06-19 17:47:04 Log.py[line:16] INFO 步骤“访问被测网址”执行通过！
2020-06-19 17:47:09 Log.py[line:16] INFO 步骤“最大化窗口”执行通过！
2020-06-19 17:47:12 Log.py[line:16] INFO 步骤“等待主页加载”执行通过！
2020-06-19 17:51:12 Log.py[line:16] INFO 步骤“打开浏览器”执行通过！
2020-06-19 17:51:17 Log.py[line:16] INFO 步骤“访问被测网址”执行通过！
2020-06-19 17:51:21 Log.py[line:16] INFO 步骤“最大化窗口”执行通过！
2020-06-19 17:51:25 Log.py[line:16] INFO 步骤“等待主页加载”执行通过！
2020-06-19 17:51:25 Log.py[line:16] INFO 步骤“设置登录cookies”执行通过！
2020-06-19 17:52:14 Log.py[line:16] INFO 步骤“打开浏览器”执行通过！
2020-06-19 17:52:19 Log.py[line:16] INFO 步骤“访问被测网址”执行通过！
2020-06-19 17:52:23 Log.py[line:16] INFO 步骤“最大化窗口”执行通过！
2020-06-19 17:52:26 Log.py[line:16] INFO 步骤“等待主页加载”执行通过！
2020-06-19 17:52:26 Log.py[line:16] INFO 步骤“设置登录cookies”执行通过！
2020-06-19 18:06:28 Log.py[line:16] INFO 步骤“打开浏览器”执行通过！
2020-06-19 18:06:28 Log.py[line:16] INFO 步骤“设置登录cookies”执行失败！
2020-06-19 18:06:38 Log.py[line:16] INFO 步骤“访问被测网址”执行通过！
2020-06-19 18:06:42 Log.py[line:16] INFO 步骤“最大化窗口”执行通过！
2020-06-19 18:06:45 Log.py[line:16] INFO 步骤“等待主页加载”执行通过！
2020-06-19 18:08:05 Log.py[line:16] INFO 步骤“打开浏览器”执行通过！
2020-06-19 18:08:11 Log.py[line:16] INFO 步骤“访问被测网址”执行通过！
2020-06-19 18:08:11 Log.py[line:16] INFO 步骤“设置登录cookies”执行通过！
2020-06-19 18:08:15 Log.py[line:16] INFO 步骤“最大化窗口”执行通过！
2020-06-19 18:08:18 Log.py[line:16] INFO 步骤“等待主页加载”执行通过！
2020-06-19 18:11:32 Log.py[line:16] INFO 步骤“打开浏览器”执行通过！
2020-06-19 18:11:42 Log.py[line:16] INFO 步骤“打开m主页”执行通过！
2020-06-19 18:11:42 Log.py[line:16] INFO 步骤“设置登录cookies”执行通过！
2020-06-19 18:11:47 Log.py[line:16] INFO 步骤“访问被测网址”执行通过！
2020-06-19 18:11:51 Log.py[line:16] INFO 步骤“最大化窗口”执行通过！
2020-06-19 18:11:54 Log.py[line:16] INFO 步骤“等待主页加载”执行通过！
2020-06-19 18:11:55 Log.py[line:16] INFO 步骤“点击直接访问蒙层”执行通过！
2020-06-19 18:11:58 Log.py[line:16] INFO 步骤“等待3秒”执行通过！
2020-06-19 18:11:59 Log.py[line:16] INFO 步骤“点击我要参团”执行通过！
2020-06-19 18:12:00 Log.py[line:16] INFO 步骤“判断并选择点击”执行通过！
2020-06-19 18:12:01 Log.py[line:16] INFO 步骤“点击直接访问蒙层”执行失败！
2020-06-19 18:12:04 Log.py[line:16] INFO 步骤“等待2秒”执行通过！
2020-06-19 18:14:06 Log.py[line:16] INFO 步骤“点击提交按钮”执行失败！
2020-06-19 18:14:09 Log.py[line:16] INFO 步骤“等待3秒”执行通过！
2020-06-19 18:14:11 Log.py[line:16] INFO 步骤“点击选择列表”执行失败！
2020-06-19 18:14:12 Log.py[line:16] INFO 步骤“点击选择我的京东”执行失败！
2020-06-19 18:14:13 Log.py[line:16] INFO 步骤“点击蒙层直接访问”执行失败！
2020-06-19 18:16:16 Log.py[line:16] INFO 步骤“点击待付款选项”执行失败！
2020-06-19 18:18:17 Log.py[line:16] INFO 步骤“获取订单号”执行失败！
2020-06-19 19:12:14 Log.py[line:16] INFO 步骤“打开浏览器”执行通过！
2020-06-19 19:12:23 Log.py[line:16] INFO 步骤“打开m主页”执行通过！
2020-06-19 19:12:23 Log.py[line:16] INFO 步骤“设置登录cookies”执行通过！
2020-06-19 19:12:28 Log.py[line:16] INFO 步骤“访问被测网址”执行通过！
2020-06-19 19:12:33 Log.py[line:16] INFO 步骤“最大化窗口”执行通过！
2020-06-19 19:12:36 Log.py[line:16] INFO 步骤“等待主页加载”执行通过！
2020-06-19 19:12:37 Log.py[line:16] INFO 步骤“点击直接访问蒙层”执行通过！
2020-06-19 19:12:40 Log.py[line:16] INFO 步骤“等待3秒”执行通过！
2020-06-19 19:12:41 Log.py[line:16] INFO 步骤“点击我要参团”执行通过！
2020-06-19 19:12:43 Log.py[line:16] INFO 步骤“等待2秒”执行通过！
2020-06-19 19:12:49 Log.py[line:16] INFO 步骤“判断并选择点击”执行通过！
2020-06-19 19:12:50 Log.py[line:16] INFO 步骤“点击直接访问蒙层”执行通过！
2020-06-19 19:12:53 Log.py[line:16] INFO 步骤“等待2秒”执行通过！
2020-06-19 19:12:54 Log.py[line:16] INFO 步骤“点击提交按钮”执行通过！
2020-06-19 19:12:57 Log.py[line:16] INFO 步骤“等待3秒”执行通过！
2020-06-19 19:12:58 Log.py[line:16] INFO 步骤“点击选择列表”执行通过！
2020-06-19 19:12:59 Log.py[line:16] INFO 步骤“点击选择我的京东”执行通过！
2020-06-19 19:13:05 Log.py[line:16] INFO 步骤“点击蒙层直接访问”执行通过！
2020-06-19 19:13:07 Log.py[line:16] INFO 步骤“点击待付款选项”执行通过！
2020-06-19 19:13:07 Log.py[line:16] INFO 步骤“获取订单号”执行通过！
2020-06-19 19:16:09 Log.py[line:16] INFO 步骤“打开浏览器”执行通过！
2020-06-19 19:16:18 Log.py[line:16] INFO 步骤“打开m主页”执行通过！
2020-06-19 19:16:18 Log.py[line:16] INFO 步骤“设置登录cookies”执行通过！
2020-06-19 19:16:22 Log.py[line:16] INFO 步骤“访问被测网址”执行通过！
2020-06-19 19:16:26 Log.py[line:16] INFO 步骤“最大化窗口”执行通过！
2020-06-19 19:16:29 Log.py[line:16] INFO 步骤“等待主页加载”执行通过！
2020-06-19 19:16:30 Log.py[line:16] INFO 步骤“点击直接访问蒙层”执行通过！
2020-06-19 19:16:33 Log.py[line:16] INFO 步骤“等待3秒”执行通过！
2020-06-19 19:16:35 Log.py[line:16] INFO 步骤“点击我要参团”执行通过！
2020-06-19 19:16:37 Log.py[line:16] INFO 步骤“等待2秒”执行通过！
2020-06-19 19:16:38 Log.py[line:16] INFO 步骤“判断并选择点击”执行通过！
2020-06-19 19:16:42 Log.py[line:16] INFO 步骤“点击直接访问蒙层”执行通过！
2020-06-19 19:16:44 Log.py[line:16] INFO 步骤“等待2秒”执行通过！
2020-06-19 19:16:45 Log.py[line:16] INFO 步骤“点击提交按钮”执行通过！
2020-06-19 19:16:48 Log.py[line:16] INFO 步骤“等待3秒”执行通过！
2020-06-19 19:16:49 Log.py[line:16] INFO 步骤“点击选择列表”执行通过！
2020-06-19 19:16:51 Log.py[line:16] INFO 步骤“点击选择我的京东”执行通过！
2020-06-19 19:16:56 Log.py[line:16] INFO 步骤“点击蒙层直接访问”执行通过！
2020-06-19 19:16:58 Log.py[line:16] INFO 步骤“点击待付款选项”执行通过！
2020-06-19 19:16:58 Log.py[line:16] INFO 步骤“获取订单号”执行通过！
2020-06-19 19:21:05 Log.py[line:16] INFO 步骤“打开浏览器”执行通过！
2020-06-19 19:21:14 Log.py[line:16] INFO 步骤“打开m主页”执行通过！
2020-06-19 19:21:14 Log.py[line:16] INFO 步骤“设置登录cookies”执行通过！
2020-06-19 19:21:19 Log.py[line:16] INFO 步骤“访问被测网址”执行通过！
2020-06-19 19:21:23 Log.py[line:16] INFO 步骤“最大化窗口”执行通过！
2020-06-19 19:21:26 Log.py[line:16] INFO 步骤“等待主页加载”执行通过！
2020-06-19 19:21:27 Log.py[line:16] INFO 步骤“点击直接访问蒙层”执行通过！
2020-06-19 19:21:30 Log.py[line:16] INFO 步骤“等待3秒”执行通过！
2020-06-19 19:21:31 Log.py[line:16] INFO 步骤“点击我要参团”执行通过！
2020-06-19 19:21:33 Log.py[line:16] INFO 步骤“等待2秒”执行通过！
2020-06-19 19:21:39 Log.py[line:16] INFO 步骤“判断并选择点击”执行通过！
2020-06-19 19:21:40 Log.py[line:16] INFO 步骤“点击直接访问蒙层”执行通过！
2020-06-19 19:21:42 Log.py[line:16] INFO 步骤“等待2秒”执行通过！
2020-06-19 19:21:43 Log.py[line:16] INFO 步骤“点击提交按钮”执行通过！
2020-06-19 19:21:46 Log.py[line:16] INFO 步骤“等待3秒”执行通过！
2020-06-19 19:21:48 Log.py[line:16] INFO 步骤“点击选择列表”执行通过！
2020-06-19 19:21:49 Log.py[line:16] INFO 步骤“点击选择我的京东”执行通过！
2020-06-19 19:21:53 Log.py[line:16] INFO 步骤“点击蒙层直接访问”执行通过！
2020-06-19 19:21:56 Log.py[line:16] INFO 步骤“点击待付款选项”执行通过！
2020-06-19 19:21:56 Log.py[line:16] INFO 步骤“获取订单号”执行通过！
2020-06-19 19:22:28 Log.py[line:16] INFO 步骤“打开浏览器”执行通过！
2020-06-19 19:22:33 Log.py[line:16] INFO 步骤“访问被测网址”执行通过！
2020-06-19 19:22:38 Log.py[line:16] INFO 步骤“最大化窗口”执行通过！
2020-06-19 19:22:41 Log.py[line:16] INFO 步骤“等待主页加载”执行通过！
2020-06-19 19:22:41 Log.py[line:16] INFO 步骤“设置登录cookies”执行通过！
2020-06-19 19:22:42 Log.py[line:16] INFO 步骤“选择sku并点击”执行通过！
2020-06-19 19:22:47 Log.py[line:16] INFO 步骤“点击立即购买”执行失败！
2020-06-19 19:22:49 Log.py[line:16] INFO 步骤“等待2秒”执行通过！
2020-06-19 19:22:49 Log.py[line:16] INFO 步骤“判断选择并点击”执行通过！
2020-06-19 19:23:29 Log.py[line:16] INFO 步骤“点击蒙层直接访问”执行通过！
2020-06-19 19:23:31 Log.py[line:16] INFO 步骤“点击在线支付”执行通过！
2020-06-19 19:23:33 Log.py[line:16] INFO 步骤“等待加载时间”执行通过！
2020-06-19 19:23:34 Log.py[line:16] INFO 步骤“点击选择列表”执行通过！
2020-06-19 19:23:35 Log.py[line:16] INFO 步骤“点击选择我的京东”执行通过！
2020-06-19 19:23:42 Log.py[line:16] INFO 步骤“点击蒙层直接访问”执行通过！
2020-06-19 19:23:45 Log.py[line:16] INFO 步骤“点击待付款选项”执行通过！
2020-06-19 19:23:45 Log.py[line:16] INFO 步骤“获取订单号”执行通过！
2020-06-19 19:24:30 Log.py[line:16] INFO 步骤“打开浏览器”执行通过！
2020-06-19 19:24:39 Log.py[line:16] INFO 步骤“访问被测网址”执行通过！
2020-06-19 19:24:43 Log.py[line:16] INFO 步骤“最大化窗口”执行通过！
2020-06-19 19:24:46 Log.py[line:16] INFO 步骤“等待主页加载”执行通过！
2020-06-19 19:24:46 Log.py[line:16] INFO 步骤“设置登录cookies”执行通过！
2020-06-19 19:24:47 Log.py[line:16] INFO 步骤“点击一键领取”执行通过！
2020-06-19 19:24:47 Log.py[line:16] INFO 步骤“设置登录cookies”执行通过！
2020-06-19 19:27:24 Log.py[line:16] INFO 步骤“打开浏览器”执行通过！
2020-06-19 19:27:42 Log.py[line:16] INFO 步骤“访问被测网址”执行通过！
2020-06-19 19:27:46 Log.py[line:16] INFO 步骤“最大化窗口”执行通过！
2020-06-19 19:27:49 Log.py[line:16] INFO 步骤“等待主页加载”执行通过！
2020-06-19 19:27:49 Log.py[line:16] INFO 步骤“设置登录cookies”执行通过！
2020-06-19 19:27:50 Log.py[line:16] INFO 步骤“点击一键领取”执行通过！
2020-06-19 19:27:50 Log.py[line:16] INFO 步骤“设置登录cookies”执行通过！
2020-06-19 19:30:54 Log.py[line:16] INFO 步骤“点击立即购买”执行失败！
2020-06-19 19:30:56 Log.py[line:16] INFO 步骤“等待2秒”执行通过！
2020-06-19 19:30:57 Log.py[line:16] INFO 步骤“点击提交按钮”执行通过！
2020-06-19 19:31:00 Log.py[line:16] INFO 步骤“获取订单号”执行通过！
2020-06-21 07:01:24 Log.py[line:16] INFO 步骤“打开浏览器”执行通过！
2020-06-21 07:01:33 Log.py[line:16] INFO 步骤“访问被测网址”执行通过！
2020-06-21 07:01:37 Log.py[line:16] INFO 步骤“最大化窗口”执行通过！
2020-06-21 07:01:40 Log.py[line:16] INFO 步骤“等待主页加载”执行通过！
2020-06-21 07:01:40 Log.py[line:16] INFO 步骤“设置登录cookies”执行通过！
2020-06-21 07:01:41 Log.py[line:16] INFO 步骤“点击一键领取”执行通过！
2020-06-21 07:01:42 Log.py[line:16] INFO 步骤“设置登录cookies”执行通过！
2020-06-21 07:03:01 Log.py[line:16] INFO 步骤“打开浏览器”执行通过！
2020-06-21 07:03:07 Log.py[line:16] INFO 步骤“访问被测网址”执行通过！
2020-06-21 07:03:12 Log.py[line:16] INFO 步骤“最大化窗口”执行通过！
2020-06-21 07:03:15 Log.py[line:16] INFO 步骤“等待主页加载”执行通过！
2020-06-21 07:03:15 Log.py[line:16] INFO 步骤“设置登录cookies”执行通过！
2020-06-21 07:03:16 Log.py[line:16] INFO 步骤“选择sku并点击”执行通过！
2020-06-21 07:03:23 Log.py[line:16] INFO 步骤“点击立即购买”执行通过！
2020-06-21 07:03:25 Log.py[line:16] INFO 步骤“等待2秒”执行通过！
2020-06-21 07:03:25 Log.py[line:16] INFO 步骤“判断选择并点击”执行通过！
2020-06-21 07:03:59 Log.py[line:16] INFO 步骤“打开浏览器”执行通过！
2020-06-21 07:04:08 Log.py[line:16] INFO 步骤“打开m主页”执行通过！
2020-06-21 07:04:08 Log.py[line:16] INFO 步骤“设置登录cookies”执行通过！
2020-06-21 07:04:15 Log.py[line:16] INFO 步骤“访问被测网址”执行通过！
2020-06-21 07:04:19 Log.py[line:16] INFO 步骤“最大化窗口”执行通过！
2020-06-21 07:04:22 Log.py[line:16] INFO 步骤“等待主页加载”执行通过！
2020-06-21 07:04:24 Log.py[line:16] INFO 步骤“点击直接访问蒙层”执行失败！
2020-06-21 07:04:27 Log.py[line:16] INFO 步骤“等待3秒”执行通过！
2020-06-21 07:04:28 Log.py[line:16] INFO 步骤“点击我要参团”执行失败！
2020-06-21 07:04:30 Log.py[line:16] INFO 步骤“等待2秒”执行通过！
2020-06-21 07:05:14 Log.py[line:16] INFO 步骤“打开浏览器”执行通过！
2020-06-21 07:05:19 Log.py[line:16] INFO 步骤“打开m主页”执行通过！
2020-06-21 07:05:19 Log.py[line:16] INFO 步骤“设置登录cookies”执行通过！
2020-06-21 07:05:26 Log.py[line:16] INFO 步骤“访问被测网址”执行通过！
2020-06-21 07:05:30 Log.py[line:16] INFO 步骤“最大化窗口”执行通过！
2020-06-21 07:05:33 Log.py[line:16] INFO 步骤“等待主页加载”执行通过！
2020-06-21 07:05:34 Log.py[line:16] INFO 步骤“点击直接访问蒙层”执行通过！
2020-06-21 07:05:37 Log.py[line:16] INFO 步骤“等待3秒”执行通过！
2020-06-21 07:05:39 Log.py[line:16] INFO 步骤“点击我要参团”执行通过！
2020-06-21 07:05:41 Log.py[line:16] INFO 步骤“等待2秒”执行通过！
2020-06-21 07:05:42 Log.py[line:16] INFO 步骤“判断并选择点击”执行通过！
2020-06-21 07:05:46 Log.py[line:16] INFO 步骤“点击直接访问蒙层”执行通过！
2020-06-21 07:05:48 Log.py[line:16] INFO 步骤“等待2秒”执行通过！
2020-06-21 07:05:50 Log.py[line:16] INFO 步骤“点击提交按钮”执行通过！
2020-06-21 07:05:53 Log.py[line:16] INFO 步骤“等待3秒”执行通过！
2020-06-21 07:05:54 Log.py[line:16] INFO 步骤“点击选择列表”执行通过！
2020-06-21 07:05:55 Log.py[line:16] INFO 步骤“点击选择我的京东”执行通过！
2020-06-21 07:06:00 Log.py[line:16] INFO 步骤“点击蒙层直接访问”执行通过！
2020-06-21 07:06:03 Log.py[line:16] INFO 步骤“点击待付款选项”执行通过！
2020-06-21 07:06:03 Log.py[line:16] INFO 步骤“获取订单号”执行通过！
2020-06-22 09:52:12 Log.py[line:16] INFO 步骤“打开浏览器”执行通过！
2020-06-22 09:52:16 Log.py[line:16] INFO 步骤“打开m主页”执行通过！
2020-06-22 09:52:16 Log.py[line:16] INFO 步骤“设置登录cookies”执行通过！
2020-06-22 09:52:26 Log.py[line:16] INFO 步骤“访问被测网址”执行通过！
2020-06-22 09:52:30 Log.py[line:16] INFO 步骤“最大化窗口”执行通过！
2020-06-22 09:52:33 Log.py[line:16] INFO 步骤“等待主页加载”执行通过！
2020-06-22 09:52:34 Log.py[line:16] INFO 步骤“点击直接访问蒙层”执行通过！
2020-06-22 09:52:37 Log.py[line:16] INFO 步骤“等待3秒”执行通过！
2020-06-22 09:52:38 Log.py[line:16] INFO 步骤“点击我要参团”执行通过！
2020-06-22 09:52:40 Log.py[line:16] INFO 步骤“等待2秒”执行通过！
2020-06-22 09:52:47 Log.py[line:16] INFO 步骤“判断并选择点击”执行通过！
2020-06-22 09:52:48 Log.py[line:16] INFO 步骤“点击直接访问蒙层”执行通过！
2020-06-22 09:52:50 Log.py[line:16] INFO 步骤“等待2秒”执行通过！
2020-06-22 09:52:52 Log.py[line:16] INFO 步骤“点击提交按钮”执行通过！
2020-06-22 09:52:55 Log.py[line:16] INFO 步骤“等待3秒”执行通过！
2020-06-22 09:52:56 Log.py[line:16] INFO 步骤“点击选择列表”执行通过！
2020-06-22 09:52:57 Log.py[line:16] INFO 步骤“点击选择我的京东”执行通过！
2020-06-22 09:53:03 Log.py[line:16] INFO 步骤“点击蒙层直接访问”执行通过！
2020-06-22 09:53:05 Log.py[line:16] INFO 步骤“点击待付款选项”执行通过！
2020-06-22 09:53:05 Log.py[line:16] INFO 步骤“获取订单号”执行通过！
2020-06-22 09:54:51 Log.py[line:16] INFO 步骤“打开浏览器”执行通过！
2020-06-22 09:54:56 Log.py[line:16] INFO 步骤“访问被测网址”执行通过！
2020-06-22 09:55:00 Log.py[line:16] INFO 步骤“最大化窗口”执行通过！
2020-06-22 09:55:03 Log.py[line:16] INFO 步骤“等待主页加载”执行通过！
2020-06-22 09:55:03 Log.py[line:16] INFO 步骤“设置登录cookies”执行通过！
2020-06-22 09:55:05 Log.py[line:16] INFO 步骤“点击一键领取”执行通过！
2020-06-22 09:55:05 Log.py[line:16] INFO 步骤“设置登录cookies”执行通过！
2020-06-22 10:10:57 Log.py[line:16] INFO 步骤“打开浏览器”执行通过！
2020-06-22 10:11:02 Log.py[line:16] INFO 步骤“访问被测网址”执行通过！
2020-06-22 10:11:06 Log.py[line:16] INFO 步骤“最大化窗口”执行通过！
2020-06-22 10:11:09 Log.py[line:16] INFO 步骤“等待主页加载”执行通过！
2020-06-22 10:11:09 Log.py[line:16] INFO 步骤“设置登录cookies”执行通过！
2020-06-22 10:11:10 Log.py[line:16] INFO 步骤“点击一键领取”执行通过！
2020-06-22 10:11:10 Log.py[line:16] INFO 步骤“设置登录cookies”执行通过！
2020-06-22 10:13:04 Log.py[line:16] INFO 步骤“打开浏览器”执行通过！
2020-06-22 10:13:09 Log.py[line:16] INFO 步骤“访问被测网址”执行通过！
2020-06-22 10:13:13 Log.py[line:16] INFO 步骤“最大化窗口”执行通过！
2020-06-22 10:13:16 Log.py[line:16] INFO 步骤“等待主页加载”执行通过！
2020-06-22 10:13:16 Log.py[line:16] INFO 步骤“设置登录cookies”执行通过！
2020-06-22 10:13:17 Log.py[line:16] INFO 步骤“点击一键领取”执行通过！
2020-06-22 10:13:17 Log.py[line:16] INFO 步骤“设置登录cookies”执行通过！
2020-06-22 10:14:37 Log.py[line:16] INFO 步骤“打开浏览器”执行通过！
2020-06-22 10:14:42 Log.py[line:16] INFO 步骤“访问被测网址”执行通过！
2020-06-22 10:14:46 Log.py[line:16] INFO 步骤“最大化窗口”执行通过！
2020-06-22 10:14:49 Log.py[line:16] INFO 步骤“等待主页加载”执行通过！
2020-06-22 10:14:49 Log.py[line:16] INFO 步骤“设置登录cookies”执行通过！
2020-06-22 10:14:50 Log.py[line:16] INFO 步骤“选择sku并点击”执行通过！
2020-06-22 10:14:57 Log.py[line:16] INFO 步骤“点击立即购买”执行通过！
2020-06-22 10:14:59 Log.py[line:16] INFO 步骤“等待2秒”执行通过！
2020-06-22 10:14:59 Log.py[line:16] INFO 步骤“判断选择并点击”执行通过！
2020-06-22 10:15:04 Log.py[line:16] INFO 步骤“点击蒙层直接访问”执行通过！
2020-06-22 10:15:05 Log.py[line:16] INFO 步骤“点击在线支付”执行通过！
2020-06-22 10:15:07 Log.py[line:16] INFO 步骤“等待加载时间”执行通过！
2020-06-22 10:15:08 Log.py[line:16] INFO 步骤“点击选择列表”执行通过！
2020-06-22 10:15:10 Log.py[line:16] INFO 步骤“点击选择我的京东”执行通过！
2020-06-22 10:15:16 Log.py[line:16] INFO 步骤“点击蒙层直接访问”执行通过！
2020-06-22 10:15:18 Log.py[line:16] INFO 步骤“点击待付款选项”执行通过！
2020-06-22 10:15:19 Log.py[line:16] INFO 步骤“获取订单号”执行通过！
2020-06-22 10:15:47 Log.py[line:16] INFO 步骤“打开浏览器”执行通过！
2020-06-22 10:15:51 Log.py[line:16] INFO 步骤“打开m主页”执行通过！
2020-06-22 10:15:51 Log.py[line:16] INFO 步骤“设置登录cookies”执行通过！
2020-06-22 10:15:56 Log.py[line:16] INFO 步骤“访问被测网址”执行通过！
2020-06-22 10:16:01 Log.py[line:16] INFO 步骤“最大化窗口”执行通过！
2020-06-22 10:16:04 Log.py[line:16] INFO 步骤“等待主页加载”执行通过！
2020-06-22 10:16:05 Log.py[line:16] INFO 步骤“点击直接访问蒙层”执行通过！
2020-06-22 10:16:08 Log.py[line:16] INFO 步骤“等待3秒”执行通过！
2020-06-22 10:16:09 Log.py[line:16] INFO 步骤“点击我要参团”执行通过！
2020-06-22 10:16:11 Log.py[line:16] INFO 步骤“等待2秒”执行通过！
2020-06-22 10:16:16 Log.py[line:16] INFO 步骤“判断并选择点击”执行通过！
2020-06-22 10:16:18 Log.py[line:16] INFO 步骤“点击直接访问蒙层”执行通过！
2020-06-22 10:16:20 Log.py[line:16] INFO 步骤“等待2秒”执行通过！
2020-06-22 10:16:21 Log.py[line:16] INFO 步骤“点击提交按钮”执行通过！
2020-06-22 10:16:24 Log.py[line:16] INFO 步骤“等待3秒”执行通过！
2020-06-22 10:16:25 Log.py[line:16] INFO 步骤“点击选择列表”执行通过！
2020-06-22 10:16:27 Log.py[line:16] INFO 步骤“点击选择我的京东”执行通过！
2020-06-22 10:16:32 Log.py[line:16] INFO 步骤“点击蒙层直接访问”执行通过！
2020-06-22 10:16:34 Log.py[line:16] INFO 步骤“点击待付款选项”执行通过！
2020-06-22 10:16:34 Log.py[line:16] INFO 步骤“获取订单号”执行通过！
2020-06-22 10:17:37 Log.py[line:16] INFO 步骤“打开浏览器”执行通过！
2020-06-22 10:17:41 Log.py[line:16] INFO 步骤“访问被测网址”执行通过！
2020-06-22 10:17:46 Log.py[line:16] INFO 步骤“最大化窗口”执行通过！
2020-06-22 10:17:49 Log.py[line:16] INFO 步骤“等待主页加载”执行通过！
2020-06-22 10:17:49 Log.py[line:16] INFO 步骤“设置登录cookies”执行通过！
2020-06-22 10:17:50 Log.py[line:16] INFO 步骤“点击一键领取”执行通过！
2020-06-22 10:17:50 Log.py[line:16] INFO 步骤“设置登录cookies”执行通过！
2020-06-22 14:41:33 Log.py[line:16] INFO 步骤“打开浏览器”执行通过！
2020-06-22 14:41:40 Log.py[line:16] INFO 步骤“访问被测网址”执行通过！
2020-06-22 14:41:44 Log.py[line:16] INFO 步骤“最大化窗口”执行通过！
2020-06-22 14:41:47 Log.py[line:16] INFO 步骤“等待主页加载”执行通过！
2020-06-22 14:41:47 Log.py[line:16] INFO 步骤“设置登录cookies”执行通过！
2020-06-22 14:41:48 Log.py[line:16] INFO 步骤“点击一键领取”执行通过！
2020-06-22 14:41:48 Log.py[line:16] INFO 步骤“设置登录cookies”执行通过！
2020-06-22 14:44:18 Log.py[line:16] INFO 步骤“打开浏览器”执行通过！
2020-06-22 14:44:23 Log.py[line:16] INFO 步骤“访问被测网址”执行通过！
2020-06-22 14:44:27 Log.py[line:16] INFO 步骤“最大化窗口”执行通过！
2020-06-22 14:44:30 Log.py[line:16] INFO 步骤“等待主页加载”执行通过！
2020-06-22 14:44:30 Log.py[line:16] INFO 步骤“设置登录cookies”执行通过！
2020-06-22 14:44:32 Log.py[line:16] INFO 步骤“点击一键领取”执行通过！
2020-06-22 14:44:32 Log.py[line:16] INFO 步骤“设置登录cookies”执行通过！
2020-06-22 14:44:49 Log.py[line:16] INFO 步骤“点击加入购物车”执行通过！
2020-06-22 14:44:51 Log.py[line:16] INFO 步骤“等待2秒”执行通过！
2020-06-22 14:46:14 Log.py[line:16] INFO 步骤“打开浏览器”执行通过！
2020-06-22 14:46:18 Log.py[line:16] INFO 步骤“访问被测网址”执行通过！
2020-06-22 14:46:22 Log.py[line:16] INFO 步骤“最大化窗口”执行通过！
2020-06-22 14:46:25 Log.py[line:16] INFO 步骤“等待主页加载”执行通过！
2020-06-22 14:46:25 Log.py[line:16] INFO 步骤“设置登录cookies”执行通过！
2020-06-22 14:46:26 Log.py[line:16] INFO 步骤“点击一键领取”执行通过！
2020-06-22 14:46:26 Log.py[line:16] INFO 步骤“设置登录cookies”执行通过！
2020-06-22 14:46:43 Log.py[line:16] INFO 步骤“点击加入购物车”执行通过！
2020-06-22 14:46:45 Log.py[line:16] INFO 步骤“等待2秒”执行通过！
2020-06-22 14:46:46 Log.py[line:16] INFO 步骤“点击去购物车结算”执行通过！
2020-06-22 14:49:10 Log.py[line:16] INFO 步骤“打开浏览器”执行通过！
2020-06-22 14:49:15 Log.py[line:16] INFO 步骤“访问被测网址”执行通过！
2020-06-22 14:49:19 Log.py[line:16] INFO 步骤“最大化窗口”执行通过！
2020-06-22 14:49:22 Log.py[line:16] INFO 步骤“等待主页加载”执行通过！
2020-06-22 14:49:22 Log.py[line:16] INFO 步骤“设置登录cookies”执行通过！
2020-06-22 14:49:24 Log.py[line:16] INFO 步骤“点击一键领取”执行通过！
2020-06-22 14:49:24 Log.py[line:16] INFO 步骤“设置登录cookies”执行通过！
2020-06-22 14:49:39 Log.py[line:16] INFO 步骤“点击加入购物车”执行通过！
2020-06-22 14:49:41 Log.py[line:16] INFO 步骤“等待2秒”执行通过！
2020-06-22 14:49:42 Log.py[line:16] INFO 步骤“点击去购物车结算”执行通过！
2020-06-22 14:49:47 Log.py[line:16] INFO 步骤“点击去结算”执行通过！
2020-06-22 14:50:55 Log.py[line:16] INFO 步骤“打开浏览器”执行通过！
2020-06-22 14:50:59 Log.py[line:16] INFO 步骤“访问被测网址”执行通过！
2020-06-22 14:51:03 Log.py[line:16] INFO 步骤“最大化窗口”执行通过！
2020-06-22 14:51:06 Log.py[line:16] INFO 步骤“等待主页加载”执行通过！
2020-06-22 14:51:06 Log.py[line:16] INFO 步骤“设置登录cookies”执行通过！
2020-06-22 14:51:07 Log.py[line:16] INFO 步骤“点击一键领取”执行通过！
2020-06-22 14:51:23 Log.py[line:16] INFO 步骤“点击加入购物车”执行通过！
2020-06-22 14:51:24 Log.py[line:16] INFO 步骤“设置登录cookies”执行通过！
2020-06-22 14:51:26 Log.py[line:16] INFO 步骤“等待2秒”执行通过！
2020-06-22 14:51:27 Log.py[line:16] INFO 步骤“点击去购物车结算”执行通过！
2020-06-22 14:51:32 Log.py[line:16] INFO 步骤“点击去结算”执行通过！
2020-06-22 14:54:02 Log.py[line:16] INFO 步骤“打开浏览器”执行通过！
2020-06-22 14:54:10 Log.py[line:16] INFO 步骤“访问被测网址”执行通过！
2020-06-22 14:54:14 Log.py[line:16] INFO 步骤“最大化窗口”执行通过！
2020-06-22 14:54:17 Log.py[line:16] INFO 步骤“等待主页加载”执行通过！
2020-06-22 14:54:17 Log.py[line:16] INFO 步骤“设置登录cookies”执行通过！
2020-06-22 14:54:18 Log.py[line:16] INFO 步骤“点击一键领取”执行通过！
2020-06-22 14:54:18 Log.py[line:16] INFO 步骤“设置登录cookies”执行通过！
2020-06-22 14:54:36 Log.py[line:16] INFO 步骤“点击加入购物车”执行通过！
2020-06-22 14:54:38 Log.py[line:16] INFO 步骤“等待2秒”执行通过！
2020-06-22 14:54:39 Log.py[line:16] INFO 步骤“点击去购物车结算”执行通过！
2020-06-22 14:54:44 Log.py[line:16] INFO 步骤“点击去结算”执行通过！
2020-06-22 14:56:45 Log.py[line:16] INFO 步骤“获取订单号”执行失败！
2020-06-22 14:59:36 Log.py[line:16] INFO 步骤“打开浏览器”执行通过！
2020-06-22 14:59:41 Log.py[line:16] INFO 步骤“访问被测网址”执行通过！
2020-06-22 14:59:45 Log.py[line:16] INFO 步骤“最大化窗口”执行通过！
2020-06-22 14:59:48 Log.py[line:16] INFO 步骤“等待主页加载”执行通过！
2020-06-22 14:59:49 Log.py[line:16] INFO 步骤“设置登录cookies”执行通过！
2020-06-22 14:59:50 Log.py[line:16] INFO 步骤“点击一键领取”执行通过！
2020-06-22 14:59:50 Log.py[line:16] INFO 步骤“设置登录cookies”执行通过！
2020-06-22 15:00:08 Log.py[line:16] INFO 步骤“点击加入购物车”执行通过！
2020-06-22 15:00:11 Log.py[line:16] INFO 步骤“等待2秒”执行通过！
2020-06-22 15:00:12 Log.py[line:16] INFO 步骤“点击去购物车结算”执行通过！
2020-06-22 15:00:27 Log.py[line:16] INFO 步骤“点击去结算”执行通过！
2020-06-22 15:01:48 Log.py[line:16] INFO 步骤“打开浏览器”执行通过！
2020-06-22 15:01:54 Log.py[line:16] INFO 步骤“访问被测网址”执行通过！
2020-06-22 15:01:58 Log.py[line:16] INFO 步骤“最大化窗口”执行通过！
2020-06-22 15:02:01 Log.py[line:16] INFO 步骤“等待主页加载”执行通过！
2020-06-22 15:02:01 Log.py[line:16] INFO 步骤“设置登录cookies”执行通过！
2020-06-22 15:02:02 Log.py[line:16] INFO 步骤“点击一键领取”执行通过！
2020-06-22 15:02:02 Log.py[line:16] INFO 步骤“设置登录cookies”执行通过！
2020-06-22 15:02:19 Log.py[line:16] INFO 步骤“点击加入购物车”执行通过！
2020-06-22 15:02:22 Log.py[line:16] INFO 步骤“等待2秒”执行通过！
2020-06-22 15:02:23 Log.py[line:16] INFO 步骤“点击去购物车结算”执行通过！
2020-06-22 15:02:33 Log.py[line:16] INFO 步骤“点击去结算”执行通过！
2020-06-22 15:02:34 Log.py[line:16] INFO 步骤“点击提交订单”执行通过！
2020-06-22 15:02:37 Log.py[line:16] INFO 步骤“获取订单号”执行通过！
2020-06-22 15:58:51 Log.py[line:16] INFO 步骤“打开浏览器”执行失败！
2020-06-22 15:58:56 Log.py[line:16] INFO 步骤“访问被测网址”执行失败！
2020-06-22 15:59:00 Log.py[line:16] INFO 步骤“最大化窗口”执行失败！
2020-06-22 15:59:04 Log.py[line:16] INFO 步骤“等待主页加载”执行失败！
2020-06-22 15:59:04 Log.py[line:16] INFO 步骤“设置登录cookies”执行失败！
2020-06-22 15:59:06 Log.py[line:16] INFO 步骤“点击一键领取”执行失败！
2020-06-22 15:59:06 Log.py[line:16] INFO 步骤“设置登录cookies”执行失败！
2020-06-22 15:59:24 Log.py[line:16] INFO 步骤“点击加入购物车”执行失败！
2020-06-22 15:59:26 Log.py[line:16] INFO 步骤“等待2秒”执行失败！
2020-06-22 15:59:33 Log.py[line:16] INFO 步骤“点击去购物车结算”执行失败！
2020-06-22 15:59:39 Log.py[line:16] INFO 步骤“点击去结算”执行失败！
2020-06-22 15:59:42 Log.py[line:16] INFO 步骤“点击提交订单”执行失败！
2020-06-22 15:59:43 Log.py[line:16] INFO 步骤“获取订单号”执行失败！
2020-06-22 16:01:09 Log.py[line:16] INFO 步骤“打开浏览器”执行通过！
2020-06-22 16:01:13 Log.py[line:16] INFO 步骤“访问被测网址”执行通过！
2020-06-22 16:01:17 Log.py[line:16] INFO 步骤“最大化窗口”执行通过！
2020-06-22 16:01:20 Log.py[line:16] INFO 步骤“等待主页加载”执行通过！
2020-06-22 16:01:20 Log.py[line:16] INFO 步骤“设置登录cookies”执行通过！
2020-06-22 16:01:21 Log.py[line:16] INFO 步骤“点击一键领取”执行通过！
2020-06-22 16:01:21 Log.py[line:16] INFO 步骤“设置登录cookies”执行通过！
2020-06-22 16:01:40 Log.py[line:16] INFO 步骤“点击加入购物车”执行通过！
2020-06-22 16:01:42 Log.py[line:16] INFO 步骤“等待2秒”执行通过！
2020-06-22 16:01:43 Log.py[line:16] INFO 步骤“点击去购物车结算”执行通过！
2020-06-22 16:01:54 Log.py[line:16] INFO 步骤“点击去结算”执行通过！
2020-06-22 16:01:55 Log.py[line:16] INFO 步骤“点击提交订单”执行通过！
2020-06-22 16:01:58 Log.py[line:16] INFO 步骤“获取订单号”执行通过！
